<?xml version="1.0" encoding="UTF-8" ?>
<testsuites>
  <testsuite errors="0" failures="0" hostname="e-c07kilf3117.it.manchester.ac.uk" id="0" name="GameTestsForExA" package="" skipped="0" tests="2" time="0.077" timestamp="2019-02-08T17:16:35">
      <properties>
[...]
</properties>

      <testcase classname="GameTestsForExA" name="shouldReturnCorrectAuthorsName" time="0.005" />

      <testcase classname="GameTestsForExA" name="shouldReportTheScoreMessageWeSetForTheGame" time="0.0" />

      <system-out><![CDATA[]]></system-out>

      <system-err><![CDATA[]]></system-err>

  </testsuite>
  <testsuite errors="0" failures="0" hostname="e-c07kilf3117.it.manchester.ac.uk" id="1" name="GameTestsForExB" package="" skipped="0" tests="3" time="0.007" timestamp="2019-02-08T17:16:36">
      <properties>
[...]
</properties>

      <testcase classname="GameTestsForExB" name="shouldReportAnotherGridSizeThatWasSetWhenGameCreated" time="0.0" />

      <testcase classname="GameTestsForExB" name="shouldCreateAGridOf9NewCellsWhenAGameWithGridSize3IsCreated" time="0.0" />

      <testcase classname="GameTestsForExB" name="shouldReportGridSizeThatWasSetWhenGameCreated" time="0.0" />

      <system-out><![CDATA[]]></system-out>

      <system-err><![CDATA[]]></system-err>

  </testsuite>
  <testsuite errors="0" failures="0" hostname="e-c07kilf3117.it.manchester.ac.uk" id="2" name="GameTestsForExC1" package="" skipped="0" tests="2" time="0.007" timestamp="2019-02-08T17:16:36">
      <properties>
[...]
</properties>

      <testcase classname="GameTestsForExC1" name="shouldSetScoreToZeroWhenGameIsInitialised" time="0.0" />

      <testcase classname="GameTestsForExC1" name="shouldInitialiseTheGridToContainOnlySnakeFoodAndClearCells" time="0.002" />

      <system-out><![CDATA[]]></system-out>

      <system-err><![CDATA[]]></system-err>

  </testsuite>
  <testsuite errors="0" failures="0" hostname="e-c07kilf3117.it.manchester.ac.uk" id="3" name="GameTestsForExC2" package="" skipped="0" tests="2" time="0.011" timestamp="2019-02-08T17:16:36">
      <properties>
[...]
</properties>

      <testcase classname="GameTestsForExC2" name="shouldPlaceOneFoodOnTheGridAfterInitialisation" time="0.001" />

      <testcase classname="GameTestsForExC2" name="shouldPlaceOneFoodOnTheGridAfterReInitialisation" time="0.0" />

      <system-out><![CDATA[]]></system-out>

      <system-err><![CDATA[]]></system-err>

  </testsuite>
  <testsuite errors="0" failures="0" hostname="e-c07kilf3117.it.manchester.ac.uk" id="4" name="GameTestsForExC3" package="" skipped="0" tests="8" time="0.01" timestamp="2019-02-08T17:16:36">
      <properties>
[...]
</properties>

      <testcase classname="GameTestsForExC3" name="shouldCorrectlyPlaceANorthFacingTailInBottomRightCorner" time="0.001" />

      <testcase classname="GameTestsForExC3" name="shouldCorrectlyPlaceAnEastFacingSnakeWithTailInBottomLeftCorner" time="0.001" />

      <testcase classname="GameTestsForExC3" name="shouldCorrectlyPlaceASouthFacingTailInUpperLeftCorner" time="0.001" />

      <testcase classname="GameTestsForExC3" name="shouldCorrectlyPlaceAWestFacingTailInBottomRightCorner" time="0.0" />

      <testcase classname="GameTestsForExC3" name="shouldCorrectlyPlaceAWestFacingTailInUpperRightCorner" time="0.001" />

      <testcase classname="GameTestsForExC3" name="shouldCorrectlyPlaceANorthFacingTailInBottomLeftCorner" time="0.001" />

      <testcase classname="GameTestsForExC3" name="shouldCorrectlyPlaceAnEastFacingSnakeWithTailInUpperLeftCorner" time="0.0" />

      <testcase classname="GameTestsForExC3" name="shouldCorrectlyPlaceASouthFacingTailInUpperRightCorner" time="0.001" />

      <system-out><![CDATA[]]></system-out>

      <system-err><![CDATA[]]></system-err>

  </testsuite>
  <testsuite errors="0" failures="0" hostname="e-c07kilf3117.it.manchester.ac.uk" id="5" name="GameTestsForExD" package="" skipped="0" tests="16" time="0.01" timestamp="2019-02-08T17:16:36">
      <properties>
[...]
</properties>

      <testcase classname="GameTestsForExD" name="shouldAllowEastFacingSnakeToFaceNorth" time="0.0" />

      <testcase classname="GameTestsForExD" name="shouldAllowEastFacingSnakeToFaceSouth" time="0.0" />

      <testcase classname="GameTestsForExD" name="shouldNotAllowSouthFacingSnakeToFaceNorth" time="0.001" />

      <testcase classname="GameTestsForExD" name="shouldNotAllowEastFacingSnakeToFaceWest" time="0.0" />

      <testcase classname="GameTestsForExD" name="shouldAllowEastFacingSnakeToFaceEast" time="0.0" />

      <testcase classname="GameTestsForExD" name="shouldAllowWestFacingSnakeToFaceNorth" time="0.0" />

      <testcase classname="GameTestsForExD" name="shouldAllowWestFacingSnakeToFaceSouth" time="0.0" />

      <testcase classname="GameTestsForExD" name="shouldAllowSouthFacingSnakeToFaceSouth" time="0.0" />

      <testcase classname="GameTestsForExD" name="shouldNotAllowWestFacingSnakeToFaceEast" time="0.0" />

      <testcase classname="GameTestsForExD" name="shouldNotAllowNorthFacingSnakeToFaceSouth" time="0.001" />

      <testcase classname="GameTestsForExD" name="shouldAllowWestFacingSnakeToFaceWest" time="0.0" />

      <testcase classname="GameTestsForExD" name="shouldAllowSouthFacingSnakeToFaceEast" time="0.0" />

      <testcase classname="GameTestsForExD" name="shouldAllowSouthFacingSnakeToFaceWest" time="0.001" />

      <testcase classname="GameTestsForExD" name="shouldAllowNorthFacingSnakeToFaceEast" time="0.0" />

      <testcase classname="GameTestsForExD" name="shouldAllowNorthFacingSnakeToFaceWest" time="0.0" />

      <testcase classname="GameTestsForExD" name="shouldAllowNorthFacingSnakeToFaceNorth" time="0.0" />

      <system-out><![CDATA[]]></system-out>

      <system-err><![CDATA[]]></system-err>

  </testsuite>
  <testsuite errors="0" failures="0" hostname="e-c07kilf3117.it.manchester.ac.uk" id="6" name="GameTestsForExE1" package="" skipped="0" tests="1" time="0.004" timestamp="2019-02-08T17:16:36">
      <properties>
[...]
</properties>

      <testcase classname="GameTestsForExE1" name="shouldNotMoveIfSnakeHeadIsBloody" time="0.001" />

      <system-out><![CDATA[]]></system-out>

      <system-err><![CDATA[]]></system-err>

  </testsuite>
  <testsuite errors="0" failures="0" hostname="e-c07kilf3117.it.manchester.ac.uk" id="7" name="GameTestsForExE2" package="" skipped="0" tests="12" time="0.021" timestamp="2019-02-08T17:16:36">
      <properties>
[...]
</properties>

      <testcase classname="GameTestsForExE2" name="shouldMoveRightTurningSnakeHeadSouthWhenThereIsSpaceToMove" time="0.002" />

      <testcase classname="GameTestsForExE2" name="shouldMoveLeftTurningSnakeHeadWestWhenThereIsSpaceToMove" time="0.001" />

      <testcase classname="GameTestsForExE2" name="shouldMoveForwardFacingSnakeHeadNorthWhenThereIsSpaceToMove" time="0.002" />

      <testcase classname="GameTestsForExE2" name="shouldMoveRightTurningSnakeHeadEastWhenThereIsSpaceToMove" time="0.002" />

      <testcase classname="GameTestsForExE2" name="shouldMoveRightTurningSnakeHeadNorthWhenThereIsSpaceToMove" time="0.001" />

      <testcase classname="GameTestsForExE2" name="shouldMoveRightTurningSnakeHeadWestWhenThereIsSpaceToMove" time="0.002" />

      <testcase classname="GameTestsForExE2" name="shouldMoveLeftTurningSnakeHeadSouthWhenThereIsSpaceToMove" time="0.001" />

      <testcase classname="GameTestsForExE2" name="shouldMoveForwardFacingSnakeHeadEastWhenThereIsSpaceToMove" time="0.002" />

      <testcase classname="GameTestsForExE2" name="shouldMoveLeftTurningSnakeHeadNorthWhenThereIsSpaceToMove" time="0.001" />

      <testcase classname="GameTestsForExE2" name="shouldMoveLeftTurningSnakeHeadEastWhenThereIsSpaceToMove" time="0.002" />

      <testcase classname="GameTestsForExE2" name="shouldMoveForwardFacingSnakeHeadSouthWhenThereIsSpaceToMove" time="0.001" />

      <testcase classname="GameTestsForExE2" name="shouldMoveForwardFacingSnakeHeadWestWhenThereIsSpaceToMove" time="0.001" />

      <system-out><![CDATA[]]></system-out>

      <system-err><![CDATA[]]></system-err>

  </testsuite>
  <testsuite errors="0" failures="0" hostname="e-c07kilf3117.it.manchester.ac.uk" id="8" name="GameTestsForExE3" package="" skipped="0" tests="12" time="0.012" timestamp="2019-02-08T17:16:36">
      <properties>
[...]
</properties>

      <testcase classname="GameTestsForExE3" name="shouldMoveRightTurningSnakeTailEast" time="0.001" />

      <testcase classname="GameTestsForExE3" name="shouldMoveRightTurningSnakeTailWest" time="0.001" />

      <testcase classname="GameTestsForExE3" name="shouldMoveRightTurningSnakeTailNorth" time="0.0" />

      <testcase classname="GameTestsForExE3" name="shouldMoveRightTurningSnakeTailSouth" time="0.001" />

      <testcase classname="GameTestsForExE3" name="shouldMoveLeftTurningSnakeTailNorth" time="0.001" />

      <testcase classname="GameTestsForExE3" name="shouldMoveLeftTurningSnakeTailSouth" time="0.001" />

      <testcase classname="GameTestsForExE3" name="shouldMoveLeftTurningSnakeTailEast" time="0.0" />

      <testcase classname="GameTestsForExE3" name="shouldMoveLeftTurningSnakeTailWest" time="0.001" />

      <testcase classname="GameTestsForExE3" name="shouldMoveForwardFacingSnakeTailNorth" time="0.001" />

      <testcase classname="GameTestsForExE3" name="shouldMoveForwardFacingSnakeTailSouth" time="0.001" />

      <testcase classname="GameTestsForExE3" name="shouldMoveForwardFacingSnakeTailEast" time="0.001" />

      <testcase classname="GameTestsForExE3" name="shouldMoveForwardFacingSnakeTailWest" time="0.0" />

      <system-out><![CDATA[]]></system-out>

      <system-err><![CDATA[]]></system-err>

  </testsuite>
  <testsuite errors="0" failures="8" hostname="e-c07kilf3117.it.manchester.ac.uk" id="9" name="GameTestsForExE4" package="" skipped="0" tests="20" time="0.015" timestamp="2019-02-08T17:16:36">
      <properties>
[...]
</properties>

      <testcase classname="GameTestsForExE4" name="shouldDetectCrashesStraightIntoTheNorthWall" time="0.0" />

      <testcase classname="GameTestsForExE4" name="shouldDetectCrashesIntoTheNorthWallWhenTurningRight" time="0.0" />

      <testcase classname="GameTestsForExE4" name="shouldDetectCrashesStraightIntoTheEastWall" time="0.0" />

      <testcase classname="GameTestsForExE4" name="shouldDetectCrashesIntoTheEastWallWhenTurningLeft" time="0.0" />

      <testcase classname="GameTestsForExE4" name="shouldDetectCrashesIntoTheSouthWallWhenTurningLeft" time="0.001" />

      <testcase classname="GameTestsForExE4" name="shouldDetectCrashesStraightIntoTheWestWall" time="0.0" />

      <testcase classname="GameTestsForExE4" name="shouldDetectACrashEastIntoTheSnakeBody" time="0.003">
          <failure message="Cell &lt;9,9&gt; is not bloody after crash." type="junit.framework.AssertionFailedError">junit.framework.AssertionFailedError: Cell &lt;9,9&gt; is not bloody after crash.
	at org.hamcrest.MatcherAssert.assertThat(MatcherAssert.java:26)
	at GameTestsForExE4.checkThatCellIsBloody(Unknown Source)
	at GameTestsForExE4.checkThatCrashIntoSnakeIsDetectedWhenTravelling(Unknown Source)
	at GameTestsForExE4.shouldDetectACrashEastIntoTheSnakeBody(Unknown Source)
</failure>

      </testcase>

      <testcase classname="GameTestsForExE4" name="shouldDetectACrashEastIntoTheSnakeTail" time="0.001">
          <failure message="Cell &lt;9,9&gt; is not bloody after crash." type="junit.framework.AssertionFailedError">junit.framework.AssertionFailedError: Cell &lt;9,9&gt; is not bloody after crash.
	at org.hamcrest.MatcherAssert.assertThat(MatcherAssert.java:26)
	at GameTestsForExE4.checkThatCellIsBloody(Unknown Source)
	at GameTestsForExE4.checkThatCrashIntoSnakeIsDetectedWhenTravelling(Unknown Source)
	at GameTestsForExE4.shouldDetectACrashEastIntoTheSnakeTail(Unknown Source)
</failure>

      </testcase>

      <testcase classname="GameTestsForExE4" name="shouldDetectACrashSouthIntoTheSnakeBody" time="0.0">
          <failure message="Cell &lt;11,9&gt; is not bloody after crash." type="junit.framework.AssertionFailedError">junit.framework.AssertionFailedError: Cell &lt;11,9&gt; is not bloody after crash.
	at org.hamcrest.MatcherAssert.assertThat(MatcherAssert.java:26)
	at GameTestsForExE4.checkThatCellIsBloody(Unknown Source)
	at GameTestsForExE4.checkThatCrashIntoSnakeIsDetectedWhenTravelling(Unknown Source)
	at GameTestsForExE4.shouldDetectACrashSouthIntoTheSnakeBody(Unknown Source)
</failure>

      </testcase>

      <testcase classname="GameTestsForExE4" name="shouldDetectACrashSouthIntoTheSnakeTail" time="0.001">
          <failure message="Cell &lt;11,9&gt; is not bloody after crash." type="junit.framework.AssertionFailedError">junit.framework.AssertionFailedError: Cell &lt;11,9&gt; is not bloody after crash.
	at org.hamcrest.MatcherAssert.assertThat(MatcherAssert.java:26)
	at GameTestsForExE4.checkThatCellIsBloody(Unknown Source)
	at GameTestsForExE4.checkThatCrashIntoSnakeIsDetectedWhenTravelling(Unknown Source)
	at GameTestsForExE4.shouldDetectACrashSouthIntoTheSnakeTail(Unknown Source)
</failure>

      </testcase>

      <testcase classname="GameTestsForExE4" name="shouldDetectCrashesIntoTheSouthWallWhenTurningRight" time="0.0" />

      <testcase classname="GameTestsForExE4" name="shouldDetectCrashesIntoTheWestWallWhenTurningLeft" time="0.0" />

      <testcase classname="GameTestsForExE4" name="shouldDetectCrashesStraightIntoTheSouthWall" time="0.0" />

      <testcase classname="GameTestsForExE4" name="shouldDetectCrashesIntoTheWestWallWhenTurningRight" time="0.0" />

      <testcase classname="GameTestsForExE4" name="shouldDetectCrashesIntoTheNorthWallWhenTurningLeft" time="0.0" />

      <testcase classname="GameTestsForExE4" name="shouldDetectACrashNorthIntoTheSnakeBody" time="0.001">
          <failure message="Cell &lt;9,11&gt; is not bloody after crash." type="junit.framework.AssertionFailedError">junit.framework.AssertionFailedError: Cell &lt;9,11&gt; is not bloody after crash.
	at org.hamcrest.MatcherAssert.assertThat(MatcherAssert.java:26)
	at GameTestsForExE4.checkThatCellIsBloody(Unknown Source)
	at GameTestsForExE4.checkThatCrashIntoSnakeIsDetectedWhenTravelling(Unknown Source)
	at GameTestsForExE4.shouldDetectACrashNorthIntoTheSnakeBody(Unknown Source)
</failure>

      </testcase>

      <testcase classname="GameTestsForExE4" name="shouldDetectACrashNorthIntoTheSnakeTail" time="0.0">
          <failure message="Cell &lt;9,11&gt; is not bloody after crash." type="junit.framework.AssertionFailedError">junit.framework.AssertionFailedError: Cell &lt;9,11&gt; is not bloody after crash.
	at org.hamcrest.MatcherAssert.assertThat(MatcherAssert.java:26)
	at GameTestsForExE4.checkThatCellIsBloody(Unknown Source)
	at GameTestsForExE4.checkThatCrashIntoSnakeIsDetectedWhenTravelling(Unknown Source)
	at GameTestsForExE4.shouldDetectACrashNorthIntoTheSnakeTail(Unknown Source)
</failure>

      </testcase>

      <testcase classname="GameTestsForExE4" name="shouldDetectACrashWestIntoTheSnakeBody" time="0.001">
          <failure message="Cell &lt;11,11&gt; is not bloody after crash." type="junit.framework.AssertionFailedError">junit.framework.AssertionFailedError: Cell &lt;11,11&gt; is not bloody after crash.
	at org.hamcrest.MatcherAssert.assertThat(MatcherAssert.java:26)
	at GameTestsForExE4.checkThatCellIsBloody(Unknown Source)
	at GameTestsForExE4.checkThatCrashIntoSnakeIsDetectedWhenTravelling(Unknown Source)
	at GameTestsForExE4.shouldDetectACrashWestIntoTheSnakeBody(Unknown Source)
</failure>

      </testcase>

      <testcase classname="GameTestsForExE4" name="shouldDetectACrashWestIntoTheSnakeTail" time="0.001">
          <failure message="Cell &lt;11,11&gt; is not bloody after crash." type="junit.framework.AssertionFailedError">junit.framework.AssertionFailedError: Cell &lt;11,11&gt; is not bloody after crash.
	at org.hamcrest.MatcherAssert.assertThat(MatcherAssert.java:26)
	at GameTestsForExE4.checkThatCellIsBloody(Unknown Source)
	at GameTestsForExE4.checkThatCrashIntoSnakeIsDetectedWhenTravelling(Unknown Source)
	at GameTestsForExE4.shouldDetectACrashWestIntoTheSnakeTail(Unknown Source)
</failure>

      </testcase>

      <testcase classname="GameTestsForExE4" name="shouldDetectCrashesIntoTheEastWallWhenTurningRight" time="0.0" />

      <system-out><![CDATA[]]></system-out>

      <system-err><![CDATA[]]></system-err>

  </testsuite>
  <testsuite errors="0" failures="2" hostname="e-c07kilf3117.it.manchester.ac.uk" id="10" name="GameTestsForExE5" package="" skipped="0" tests="6" time="0.006" timestamp="2019-02-08T17:16:36">
      <properties>
[...]
</properties>

      <testcase classname="GameTestsForExE5" name="shouldPlaceNewFoodWhenOldFoodIsEaten" time="0.0" />

      <testcase classname="GameTestsForExE5" name="shouldUpdateTheScoreMessageToShowThatFoodHasBeenEaten" time="0.0" />

      <testcase classname="GameTestsForExE5" name="shouldUpdateTheScoreWhenSeveralPiecesOfFoodAreEaten" time="0.002">
          <failure message="&#xa;Expected: is &lt;2&gt;&#xa;     but: was &lt;3&gt;" type="junit.framework.AssertionFailedError">junit.framework.AssertionFailedError: 
Expected: is &lt;2&gt;
     but: was &lt;3&gt;
	at org.hamcrest.MatcherAssert.assertThat(MatcherAssert.java:20)
	at org.hamcrest.MatcherAssert.assertThat(MatcherAssert.java:8)
	at GameTestsForExE5.shouldUpdateTheScoreWhenSeveralPiecesOfFoodAreEaten(Unknown Source)
</failure>

      </testcase>

      <testcase classname="GameTestsForExE5" name="shouldUpdateTheScoreWhenSeveralPiecesOfFoodAreEatenAndMoveValueIsNot1" time="0.001">
          <failure message="&#xa;Expected: is &lt;4&gt;&#xa;     but: was &lt;6&gt;" type="junit.framework.AssertionFailedError">junit.framework.AssertionFailedError: 
Expected: is &lt;4&gt;
     but: was &lt;6&gt;
	at org.hamcrest.MatcherAssert.assertThat(MatcherAssert.java:20)
	at org.hamcrest.MatcherAssert.assertThat(MatcherAssert.java:8)
	at GameTestsForExE5.shouldUpdateTheScoreWhenSeveralPiecesOfFoodAreEatenAndMoveValueIsNot1(Unknown Source)
</failure>

      </testcase>

      <testcase classname="GameTestsForExE5" name="shouldExtendSnakeLengthWhenFoodIsEaten" time="0.0" />

      <testcase classname="GameTestsForExE5" name="shouldUpdateTheScoreWhenFoodIsEatenForTheFirstTime" time="0.0" />

      <system-out><![CDATA[]]></system-out>

      <system-err><![CDATA[]]></system-err>

  </testsuite>
  <testsuite errors="0" failures="5" hostname="e-c07kilf3117.it.manchester.ac.uk" id="11" name="GameTestsForExF" package="" skipped="0" tests="6" time="0.006" timestamp="2019-02-08T17:16:36">
      <properties>
[...]
</properties>

      <testcase classname="GameTestsForExF" name="shouldClearBloodAndHalveTheScoreWhenSnakeHasCrashedIntoItsBodySeveralTimesAndCheatFunctionInvoked" time="0.0">
          <failure message="&#xa;Expected: is &lt;50&gt;&#xa;     but: was &lt;100&gt;" type="junit.framework.AssertionFailedError">junit.framework.AssertionFailedError: 
Expected: is &lt;50&gt;
     but: was &lt;100&gt;
	at org.hamcrest.MatcherAssert.assertThat(MatcherAssert.java:20)
	at org.hamcrest.MatcherAssert.assertThat(MatcherAssert.java:8)
	at GameTestsForExF.shouldClearBloodAndHalveTheScoreWhenSnakeHasCrashedIntoItsBodySeveralTimesAndCheatFunctionInvoked(Unknown Source)
</failure>

      </testcase>

      <testcase classname="GameTestsForExF" name="shouldHalveScoreWhenCheatFunctionInvokedOutsideOfCrashSituation" time="0.001">
          <failure message="&#xa;Expected: is &lt;50&gt;&#xa;     but: was &lt;100&gt;" type="junit.framework.AssertionFailedError">junit.framework.AssertionFailedError: 
Expected: is &lt;50&gt;
     but: was &lt;100&gt;
	at org.hamcrest.MatcherAssert.assertThat(MatcherAssert.java:20)
	at org.hamcrest.MatcherAssert.assertThat(MatcherAssert.java:8)
	at GameTestsForExF.shouldHalveScoreWhenCheatFunctionInvokedOutsideOfCrashSituation(Unknown Source)
</failure>

      </testcase>

      <testcase classname="GameTestsForExF" name="shouldMakeScoreZeroWhenScoreIsOneAndCheatFunctionInvoked" time="0.001">
          <failure message="&#xa;Expected: is &lt;0&gt;&#xa;     but: was &lt;1&gt;" type="junit.framework.AssertionFailedError">junit.framework.AssertionFailedError: 
Expected: is &lt;0&gt;
     but: was &lt;1&gt;
	at org.hamcrest.MatcherAssert.assertThat(MatcherAssert.java:20)
	at org.hamcrest.MatcherAssert.assertThat(MatcherAssert.java:8)
	at GameTestsForExF.shouldMakeScoreZeroWhenScoreIsOneAndCheatFunctionInvoked(Unknown Source)
</failure>

      </testcase>

      <testcase classname="GameTestsForExF" name="shouldQuarterTheScoreWhenSnakeHasCrashedAndCheatFunctionInvokedTwice" time="0.0">
          <failure message="&#xa;Expected: is &lt;100&gt;&#xa;     but: was &lt;200&gt;" type="junit.framework.AssertionFailedError">junit.framework.AssertionFailedError: 
Expected: is &lt;100&gt;
     but: was &lt;200&gt;
	at org.hamcrest.MatcherAssert.assertThat(MatcherAssert.java:20)
	at org.hamcrest.MatcherAssert.assertThat(MatcherAssert.java:8)
	at GameTestsForExF.shouldQuarterTheScoreWhenSnakeHasCrashedAndCheatFunctionInvokedTwice(Unknown Source)
</failure>

      </testcase>

      <testcase classname="GameTestsForExF" name="shouldLeaveZeroScoreUnchangedWhenCheatFunctionInvoked" time="0.001" />

      <testcase classname="GameTestsForExF" name="shouldClearBloodAndHalveTheScoreWhenSnakeHasCrashedIntoWallAndCheatFunctionInvoked" time="0.0">
          <failure message="&#xa;Expected: is &lt;100&gt;&#xa;     but: was &lt;200&gt;" type="junit.framework.AssertionFailedError">junit.framework.AssertionFailedError: 
Expected: is &lt;100&gt;
     but: was &lt;200&gt;
	at org.hamcrest.MatcherAssert.assertThat(MatcherAssert.java:20)
	at org.hamcrest.MatcherAssert.assertThat(MatcherAssert.java:8)
	at GameTestsForExF.shouldClearBloodAndHalveTheScoreWhenSnakeHasCrashedIntoWallAndCheatFunctionInvoked(Unknown Source)
</failure>

      </testcase>

      <system-out><![CDATA[]]></system-out>

      <system-err><![CDATA[]]></system-err>

  </testsuite>
  <testsuite errors="0" failures="0" hostname="e-c07kilf3117.it.manchester.ac.uk" id="12" name="GameTestsForExG" package="" skipped="0" tests="17" time="0.007" timestamp="2019-02-08T17:16:36">
      <properties>
[...]
</properties>

      <testcase classname="GameTestsForExG" name="shouldAddAFifthTreeWhenFoodIsEatenAndThereAreFourTreesOnTheBoard" time="0.0" />

      <testcase classname="GameTestsForExG" name="shouldAddASecondTreeWhenTheFirstPieceOfFoodIsEatenAndTreesAreEnabled" time="0.001" />

      <testcase classname="GameTestsForExG" name="shouldCauseNorthFacingSnakeToCrashWhenAttemptsToMoveIntoTreeCell" time="0.0" />

      <testcase classname="GameTestsForExG" name="shouldBeNoTreesOnInitialisedGridIfTreesAreSwitchedOffWhenGameBegins" time="0.0" />

      <testcase classname="GameTestsForExG" name="shouldBeOneTreeOnInitialisedGridIfTreesAreSwitchedOnWhenGameBegins" time="0.0" />

      <testcase classname="GameTestsForExG" name="shouldAwardDoubleScoreWhenTwoTreesAreOnTheGrid" time="0.0" />

      <testcase classname="GameTestsForExG" name="shouldCauseEastFacingSnakeToCrashWhenAttemptsToMoveIntoTreeCell" time="0.001" />

      <testcase classname="GameTestsForExG" name="shouldBeNoTreesPlantedWhenTreesAreToggledOnAndThenOffAgain" time="0.0" />

      <testcase classname="GameTestsForExG" name="shouldAwardFiveFoldScoreOnTopOfNonZeroScoreWhenFiveTreesAreOnTheGrid" time="0.0" />

      <testcase classname="GameTestsForExG" name="shouldAwardNormalScoreWhenOnlyOneTreeIsOnTheGrid" time="0.0" />

      <testcase classname="GameTestsForExG" name="shouldCauseWestFacingSnakeToCrashWhenAttemptsToMoveIntoTreeCell" time="0.0" />

      <testcase classname="GameTestsForExG" name="shouldBeTwoTreesPlantedWhenTreesAreToggledOnAndFirstFoodIsEaten" time="0.001" />

      <testcase classname="GameTestsForExG" name="shouldBeFiveTreesPlantedWhenTreesAreToggledOnAndFirstFourPiecesOfFoodIsEaten" time="0.0" />

      <testcase classname="GameTestsForExG" name="shouldBeOneTreePlantedWhenTreesAreToggledOnAfterGameIsInitialised" time="0.0" />

      <testcase classname="GameTestsForExG" name="shouldCauseSouthFacingSnakeToCrashWhenAttemptsToMoveIntoTreeCell" time="0.0" />

      <testcase classname="GameTestsForExG" name="shouldBeNoTreesWhenTreesAreToggledOnAfterSeveralTreesHaveBeenPlanted" time="0.001" />

      <testcase classname="GameTestsForExG" name="shouldBeOneTreePlantedWhenTreesAreToggledOnAndThenGameIsReinitialised" time="0.0" />

      <system-out><![CDATA[]]></system-out>

      <system-err><![CDATA[]]></system-err>

  </testsuite>
  <testsuite errors="0" failures="0" hostname="e-c07kilf3117.it.manchester.ac.uk" id="13" name="GameTestsForExH" package="" skipped="0" tests="11" time="0.005" timestamp="2019-02-08T17:16:36">
      <properties>
[...]
</properties>

      <testcase classname="GameTestsForExH" name="shouldMakeSnakeBloodyWhenCrashCountdownHasRunOutAfterCrashIntoWall" time="0.0" />

      <testcase classname="GameTestsForExH" name="shouldNotMakeSnakeBloodyWhenFirstCrashingIntoWall" time="0.0" />

      <testcase classname="GameTestsForExH" name="shouldNotMakeSnakeBloodyWhenFirstCrashingIntoATree" time="0.0" />

      <testcase classname="GameTestsForExH" name="shouldNotMakeSnakeBloodyWhenCrashCountdownOnLastStageAfterCrashingIntoATree" time="0.0" />

      <testcase classname="GameTestsForExH" name="shouldNotMakeSnakeBloodyWhenFirstCrashingIntoItself" time="0.0" />

      <testcase classname="GameTestsForExH" name="shouldNotMakeSnakeBloodyWhenOnLastStageOfCrashCountdownAfterCrashIntoWall" time="0.0" />

      <testcase classname="GameTestsForExH" name="shouldMakeSnakeBloodyWhenCrashCountdownRunsDownAfterCrashingIntoItself" time="0.0" />

      <testcase classname="GameTestsForExH" name="shouldMakeSnakeBloodyWhenCrashCountdownRunsDownAfterCrashingIntoATree" time="0.001" />

      <testcase classname="GameTestsForExH" name="shouldNotMakeSnakeBloodyWhenPlayerMovesAwayFromCrashBeforeLastStageOfCrashCountdownAfterCrashIntoWall" time="0.0" />

      <testcase classname="GameTestsForExH" name="shouldRestartCrashCountdownWhenPlayerMovesAwayFromCrashBeforeLastStageOfCrashCountdownAfterCrashIntoWall" time="0.0" />

      <testcase classname="GameTestsForExH" name="shouldNotMakeSnakeBloodyWhenCrashCountdownOnLastStageAfterCrashingIntoItself" time="0.0" />

      <system-out><![CDATA[]]></system-out>

      <system-err><![CDATA[]]></system-err>

  </testsuite>
</testsuites>
